[2018-01-30 07:55:15.953] [exthost1] [info] extension host started
[2018-01-30 07:55:15.968] [exthost1] [info] ExtensionService#_doActivateExtension vscode.emmet {"startup":true,"activationEvent":"*"}
[2018-01-30 07:55:15.968] [exthost1] [info] ExtensionService#loadCommonJSModule /usr/share/code/resources/app/extensions/emmet/out/extension
[2018-01-30 07:55:16.088] [exthost1] [info] ExtensionService#_doActivateExtension vscode.git {"startup":true,"activationEvent":"*"}
[2018-01-30 07:55:16.088] [exthost1] [info] ExtensionService#loadCommonJSModule /usr/share/code/resources/app/extensions/git/out/main
[2018-01-30 07:55:16.230] [exthost1] [info] ExtensionService#_doActivateExtension vscode.merge-conflict {"startup":true,"activationEvent":"*"}
[2018-01-30 07:55:16.230] [exthost1] [info] ExtensionService#loadCommonJSModule /usr/share/code/resources/app/extensions/merge-conflict/out/extension
[2018-01-30 07:55:16.268] [exthost1] [info] ExtensionService#_doActivateExtension esbenp.prettier-vscode {"startup":true,"activationEvent":"*"}
[2018-01-30 07:55:16.268] [exthost1] [info] ExtensionService#loadCommonJSModule /home/rendani/.vscode/extensions/esbenp.prettier-vscode-1.1.2/out/src/extension
[2018-01-30 07:55:16.868] [exthost1] [info] ExtensionService#_doActivateExtension swyphcosmo.spellchecker {"startup":true,"activationEvent":"*"}
[2018-01-30 07:55:16.868] [exthost1] [info] ExtensionService#loadCommonJSModule /home/rendani/.vscode/extensions/swyphcosmo.spellchecker-1.2.13/out/src/extension
[2018-01-30 07:55:17.770] [exthost1] [info] ExtensionService#_doActivateExtension ms-vscode.csharp {"startup":true,"activationEvent":"workspaceContains:*.csproj,*.sln,*.csx,*.cake,**/*.csproj,**/*.sln,**/*.csx,**/*.cake"}
[2018-01-30 07:55:17.770] [exthost1] [info] ExtensionService#loadCommonJSModule /home/rendani/.vscode/extensions/ms-vscode.csharp-1.13.1/out/src/main
[2018-01-30 07:55:18.586] [exthost1] [info] eager extensions activated
[2018-01-30 07:55:30.615] [exthost1] [info] ExtensionService#_doActivateExtension vscode.javascript {"startup":false,"activationEvent":"onLanguage:javascript"}
[2018-01-30 07:55:30.615] [exthost1] [info] ExtensionService#loadCommonJSModule /usr/share/code/resources/app/extensions/javascript/out/javascriptMain
[2018-01-30 07:55:30.677] [exthost1] [info] ExtensionService#_doActivateExtension vscode.typescript {"startup":false,"activationEvent":"onLanguage:javascript"}
[2018-01-30 07:55:30.677] [exthost1] [info] ExtensionService#loadCommonJSModule /usr/share/code/resources/app/extensions/typescript/out/extension
[2018-01-30 07:55:30.841] [exthost1] [info] ExtensionService#_doActivateExtension christian-kohler.npm-intellisense {"startup":false,"activationEvent":"onLanguage:javascript"}
[2018-01-30 07:55:30.841] [exthost1] [info] ExtensionService#loadCommonJSModule /home/rendani/.vscode/extensions/christian-kohler.npm-intellisense-1.3.0/out/src/extension
[2018-01-30 07:55:30.935] [exthost1] [info] ExtensionService#_doActivateExtension leizongmin.node-module-intellisense {"startup":false,"activationEvent":"onLanguage:javascript"}
[2018-01-30 07:55:30.935] [exthost1] [info] ExtensionService#loadCommonJSModule /home/rendani/.vscode/extensions/leizongmin.node-module-intellisense-1.5.0/out/src/extension
[2018-01-30 07:56:03.532] [exthost1] [info] ExtensionService#_doActivateExtension JuanBlanco.solidity {"startup":false,"activationEvent":"onLanguage:solidity"}
[2018-01-30 07:56:03.532] [exthost1] [info] ExtensionService#loadCommonJSModule /home/rendani/.vscode/extensions/JuanBlanco.solidity-0.0.31/out/src/extension
[2018-01-30 07:56:27.334] [exthost1] [info] ExtensionService#_doActivateExtension vscode.extension-editing {"startup":false,"activationEvent":"onLanguage:typescript"}
[2018-01-30 07:56:27.334] [exthost1] [info] ExtensionService#loadCommonJSModule /usr/share/code/resources/app/extensions/extension-editing/out/extension
[2018-01-30 07:57:36.661] [exthost1] [info] ExtensionService#_doActivateExtension vscode.configuration-editing {"startup":false,"activationEvent":"onLanguage:json"}
[2018-01-30 07:57:36.661] [exthost1] [info] ExtensionService#loadCommonJSModule /usr/share/code/resources/app/extensions/configuration-editing/out/extension
[2018-01-30 07:57:36.687] [exthost1] [info] ExtensionService#_doActivateExtension vscode.json {"startup":false,"activationEvent":"onLanguage:json"}
[2018-01-30 07:57:36.687] [exthost1] [info] ExtensionService#loadCommonJSModule /usr/share/code/resources/app/extensions/json/client/out/jsonMain
