[2018-01-29 18:25:06.236] [exthost1] [info] extension host started
[2018-01-29 18:25:06.250] [exthost1] [info] ExtensionService#_doActivateExtension vscode.emmet {"startup":true,"activationEvent":"*"}
[2018-01-29 18:25:06.250] [exthost1] [info] ExtensionService#loadCommonJSModule /usr/share/code/resources/app/extensions/emmet/out/extension
[2018-01-29 18:25:06.310] [exthost1] [info] ExtensionService#_doActivateExtension vscode.git {"startup":true,"activationEvent":"*"}
[2018-01-29 18:25:06.310] [exthost1] [info] ExtensionService#loadCommonJSModule /usr/share/code/resources/app/extensions/git/out/main
[2018-01-29 18:25:06.370] [exthost1] [info] ExtensionService#_doActivateExtension vscode.merge-conflict {"startup":true,"activationEvent":"*"}
[2018-01-29 18:25:06.370] [exthost1] [info] ExtensionService#loadCommonJSModule /usr/share/code/resources/app/extensions/merge-conflict/out/extension
[2018-01-29 18:25:06.382] [exthost1] [info] ExtensionService#_doActivateExtension esbenp.prettier-vscode {"startup":true,"activationEvent":"*"}
[2018-01-29 18:25:06.382] [exthost1] [info] ExtensionService#loadCommonJSModule /home/rendani/.vscode/extensions/esbenp.prettier-vscode-1.1.2/out/src/extension
[2018-01-29 18:25:06.523] [exthost1] [info] ExtensionService#_doActivateExtension swyphcosmo.spellchecker {"startup":true,"activationEvent":"*"}
[2018-01-29 18:25:06.523] [exthost1] [info] ExtensionService#loadCommonJSModule /home/rendani/.vscode/extensions/swyphcosmo.spellchecker-1.2.13/out/src/extension
[2018-01-29 18:25:06.532] [exthost1] [info] eager extensions activated
[2018-01-29 18:25:26.771] [exthost1] [info] extension host started
[2018-01-29 18:25:26.785] [exthost1] [info] ExtensionService#_doActivateExtension vscode.emmet {"startup":true,"activationEvent":"*"}
[2018-01-29 18:25:26.785] [exthost1] [info] ExtensionService#loadCommonJSModule /usr/share/code/resources/app/extensions/emmet/out/extension
[2018-01-29 18:25:26.834] [exthost1] [info] ExtensionService#_doActivateExtension vscode.git {"startup":true,"activationEvent":"*"}
[2018-01-29 18:25:26.834] [exthost1] [info] ExtensionService#loadCommonJSModule /usr/share/code/resources/app/extensions/git/out/main
[2018-01-29 18:25:26.890] [exthost1] [info] ExtensionService#_doActivateExtension vscode.merge-conflict {"startup":true,"activationEvent":"*"}
[2018-01-29 18:25:26.890] [exthost1] [info] ExtensionService#loadCommonJSModule /usr/share/code/resources/app/extensions/merge-conflict/out/extension
[2018-01-29 18:25:26.902] [exthost1] [info] ExtensionService#_doActivateExtension esbenp.prettier-vscode {"startup":true,"activationEvent":"*"}
[2018-01-29 18:25:26.902] [exthost1] [info] ExtensionService#loadCommonJSModule /home/rendani/.vscode/extensions/esbenp.prettier-vscode-1.1.2/out/src/extension
[2018-01-29 18:25:27.032] [exthost1] [info] ExtensionService#_doActivateExtension swyphcosmo.spellchecker {"startup":true,"activationEvent":"*"}
[2018-01-29 18:25:27.032] [exthost1] [info] ExtensionService#loadCommonJSModule /home/rendani/.vscode/extensions/swyphcosmo.spellchecker-1.2.13/out/src/extension
[2018-01-29 18:25:27.582] [exthost1] [info] ExtensionService#_doActivateExtension ms-vscode.csharp {"startup":true,"activationEvent":"workspaceContains:*.csproj,*.sln,*.csx,*.cake,**/*.csproj,**/*.sln,**/*.csx,**/*.cake"}
[2018-01-29 18:25:27.582] [exthost1] [info] ExtensionService#loadCommonJSModule /home/rendani/.vscode/extensions/ms-vscode.csharp-1.13.1/out/src/main
[2018-01-29 18:25:27.792] [exthost1] [info] eager extensions activated
[2018-01-29 18:26:11.515] [exthost1] [info] ExtensionService#_doActivateExtension JuanBlanco.solidity {"startup":false,"activationEvent":"onLanguage:solidity"}
[2018-01-29 18:26:11.515] [exthost1] [info] ExtensionService#loadCommonJSModule /home/rendani/.vscode/extensions/JuanBlanco.solidity-0.0.31/out/src/extension
