[2018-01-30 07:16:15.738] [exthost1] [info] extension host started
[2018-01-30 07:16:15.752] [exthost1] [info] ExtensionService#_doActivateExtension vscode.emmet {"startup":true,"activationEvent":"*"}
[2018-01-30 07:16:15.752] [exthost1] [info] ExtensionService#loadCommonJSModule /usr/share/code/resources/app/extensions/emmet/out/extension
[2018-01-30 07:16:15.808] [exthost1] [info] ExtensionService#_doActivateExtension vscode.git {"startup":true,"activationEvent":"*"}
[2018-01-30 07:16:15.808] [exthost1] [info] ExtensionService#loadCommonJSModule /usr/share/code/resources/app/extensions/git/out/main
[2018-01-30 07:16:15.900] [exthost1] [info] ExtensionService#_doActivateExtension vscode.merge-conflict {"startup":true,"activationEvent":"*"}
[2018-01-30 07:16:15.900] [exthost1] [info] ExtensionService#loadCommonJSModule /usr/share/code/resources/app/extensions/merge-conflict/out/extension
[2018-01-30 07:16:15.912] [exthost1] [info] ExtensionService#_doActivateExtension PKief.material-icon-theme {"startup":true,"activationEvent":"*"}
[2018-01-30 07:16:15.912] [exthost1] [info] ExtensionService#loadCommonJSModule /home/bruce/.vscode/extensions/PKief.material-icon-theme-3.2.2/out/src/extension
[2018-01-30 07:16:15.942] [exthost1] [info] ExtensionService#_doActivateExtension esbenp.prettier-vscode {"startup":true,"activationEvent":"*"}
[2018-01-30 07:16:15.942] [exthost1] [info] ExtensionService#loadCommonJSModule /home/bruce/.vscode/extensions/esbenp.prettier-vscode-1.1.2/out/src/extension
[2018-01-30 07:16:16.075] [exthost1] [info] ExtensionService#_doActivateExtension swyphcosmo.spellchecker {"startup":true,"activationEvent":"*"}
[2018-01-30 07:16:16.075] [exthost1] [info] ExtensionService#loadCommonJSModule /home/bruce/.vscode/extensions/swyphcosmo.spellchecker-1.2.13/out/src/extension
[2018-01-30 07:16:16.749] [exthost1] [info] ExtensionService#_doActivateExtension ms-vscode.csharp {"startup":true,"activationEvent":"workspaceContains:*.csproj,*.sln,*.csx,*.cake,**/*.csproj,**/*.sln,**/*.csx,**/*.cake"}
[2018-01-30 07:16:16.749] [exthost1] [info] ExtensionService#loadCommonJSModule /home/bruce/.vscode/extensions/ms-vscode.csharp-1.13.1/out/src/main
[2018-01-30 07:16:16.975] [exthost1] [info] eager extensions activated
[2018-01-30 07:16:20.379] [exthost1] [info] ExtensionService#_doActivateExtension vscode.configuration-editing {"startup":false,"activationEvent":"onLanguage:jsonc"}
[2018-01-30 07:16:20.379] [exthost1] [info] ExtensionService#loadCommonJSModule /usr/share/code/resources/app/extensions/configuration-editing/out/extension
[2018-01-30 07:16:20.389] [exthost1] [info] ExtensionService#_doActivateExtension vscode.json {"startup":false,"activationEvent":"onLanguage:jsonc"}
[2018-01-30 07:16:20.389] [exthost1] [info] ExtensionService#loadCommonJSModule /usr/share/code/resources/app/extensions/json/client/out/jsonMain
[2018-01-30 07:16:40.755] [exthost1] [info] ExtensionService#_doActivateExtension vscode.javascript {"startup":false,"activationEvent":"onLanguage:javascript"}
[2018-01-30 07:16:40.755] [exthost1] [info] ExtensionService#loadCommonJSModule /usr/share/code/resources/app/extensions/javascript/out/javascriptMain
[2018-01-30 07:16:40.770] [exthost1] [info] ExtensionService#_doActivateExtension vscode.typescript {"startup":false,"activationEvent":"onLanguage:javascript"}
[2018-01-30 07:16:40.770] [exthost1] [info] ExtensionService#loadCommonJSModule /usr/share/code/resources/app/extensions/typescript/out/extension
[2018-01-30 07:16:40.811] [exthost1] [info] ExtensionService#_doActivateExtension christian-kohler.npm-intellisense {"startup":false,"activationEvent":"onLanguage:javascript"}
[2018-01-30 07:16:40.811] [exthost1] [info] ExtensionService#loadCommonJSModule /home/bruce/.vscode/extensions/christian-kohler.npm-intellisense-1.3.0/out/src/extension
[2018-01-30 07:16:40.823] [exthost1] [info] ExtensionService#_doActivateExtension leizongmin.node-module-intellisense {"startup":false,"activationEvent":"onLanguage:javascript"}
[2018-01-30 07:16:40.823] [exthost1] [info] ExtensionService#loadCommonJSModule /home/bruce/.vscode/extensions/leizongmin.node-module-intellisense-1.5.0/out/src/extension
[2018-01-30 07:16:40.828] [exthost1] [info] ExtensionService#_doActivateExtension sourcegraph.javascript-typescript {"startup":false,"activationEvent":"onLanguage:javascript"}
[2018-01-30 07:16:40.828] [exthost1] [info] ExtensionService#loadCommonJSModule /home/bruce/.vscode/extensions/sourcegraph.javascript-typescript-0.0.5/out/extension
[2018-01-30 07:18:35.210] [exthost1] [info] ExtensionService#_doActivateExtension JuanBlanco.solidity {"startup":false,"activationEvent":"onLanguage:solidity"}
[2018-01-30 07:18:35.211] [exthost1] [info] ExtensionService#loadCommonJSModule /home/bruce/.vscode/extensions/JuanBlanco.solidity-0.0.31/out/src/extension
[2018-01-30 07:18:38.719] [exthost1] [info] ExtensionService#_doActivateExtension beaugunderson.solidity-extended {"startup":false,"activationEvent":"onLanguage:solidity"}
[2018-01-30 07:18:38.719] [exthost1] [info] ExtensionService#loadCommonJSModule /home/bruce/.vscode/extensions/beaugunderson.solidity-extended-3.0.2/out/src/extension
[2018-01-30 07:18:38.761] [exthost1] [info] ExtensionService#_doActivateExtension idrabenia.solidity-solhint {"startup":false,"activationEvent":"onLanguage:solidity"}
[2018-01-30 07:18:38.761] [exthost1] [info] ExtensionService#loadCommonJSModule /home/bruce/.vscode/extensions/idrabenia.solidity-solhint-1.1.4/out/src/extension
[2018-01-30 07:18:41.796] [exthost1] [info] ExtensionService#_doActivateExtension kodebox.solidity-language-server {"startup":false,"activationEvent":"onLanguage:solidity"}
[2018-01-30 07:18:41.796] [exthost1] [info] ExtensionService#loadCommonJSModule /home/bruce/.vscode/extensions/kodebox.solidity-language-server-0.1.6/out/src/extension
[2018-01-30 07:24:03.004] [exthost1] [info] ExtensionService#_doActivateExtension vscode.extension-editing {"startup":false,"activationEvent":"onLanguage:typescript"}
[2018-01-30 07:24:03.004] [exthost1] [info] ExtensionService#loadCommonJSModule /usr/share/code/resources/app/extensions/extension-editing/out/extension
