[2018-01-30 07:16:15.734] [exthost2] [info] extension host started
[2018-01-30 07:16:15.752] [exthost2] [info] ExtensionService#_doActivateExtension vscode.emmet {"startup":true,"activationEvent":"*"}
[2018-01-30 07:16:15.752] [exthost2] [info] ExtensionService#loadCommonJSModule /usr/share/code/resources/app/extensions/emmet/out/extension
[2018-01-30 07:16:15.840] [exthost2] [info] ExtensionService#_doActivateExtension vscode.git {"startup":true,"activationEvent":"*"}
[2018-01-30 07:16:15.840] [exthost2] [info] ExtensionService#loadCommonJSModule /usr/share/code/resources/app/extensions/git/out/main
[2018-01-30 07:16:15.920] [exthost2] [info] ExtensionService#_doActivateExtension vscode.merge-conflict {"startup":true,"activationEvent":"*"}
[2018-01-30 07:16:15.920] [exthost2] [info] ExtensionService#loadCommonJSModule /usr/share/code/resources/app/extensions/merge-conflict/out/extension
[2018-01-30 07:16:15.930] [exthost2] [info] ExtensionService#_doActivateExtension PKief.material-icon-theme {"startup":true,"activationEvent":"*"}
[2018-01-30 07:16:15.930] [exthost2] [info] ExtensionService#loadCommonJSModule /home/bruce/.vscode/extensions/PKief.material-icon-theme-3.2.2/out/src/extension
[2018-01-30 07:16:15.961] [exthost2] [info] ExtensionService#_doActivateExtension esbenp.prettier-vscode {"startup":true,"activationEvent":"*"}
[2018-01-30 07:16:15.961] [exthost2] [info] ExtensionService#loadCommonJSModule /home/bruce/.vscode/extensions/esbenp.prettier-vscode-1.1.2/out/src/extension
[2018-01-30 07:16:16.102] [exthost2] [info] ExtensionService#_doActivateExtension swyphcosmo.spellchecker {"startup":true,"activationEvent":"*"}
[2018-01-30 07:16:16.102] [exthost2] [info] ExtensionService#loadCommonJSModule /home/bruce/.vscode/extensions/swyphcosmo.spellchecker-1.2.13/out/src/extension
[2018-01-30 07:16:16.110] [exthost2] [info] eager extensions activated
[2018-01-30 07:16:16.154] [exthost2] [info] ExtensionService#_doActivateExtension JuanBlanco.solidity {"startup":false,"activationEvent":"onLanguage:solidity"}
[2018-01-30 07:16:16.154] [exthost2] [info] ExtensionService#loadCommonJSModule /home/bruce/.vscode/extensions/JuanBlanco.solidity-0.0.31/out/src/extension
[2018-01-30 07:16:19.004] [exthost2] [info] ExtensionService#_doActivateExtension beaugunderson.solidity-extended {"startup":false,"activationEvent":"onLanguage:solidity"}
[2018-01-30 07:16:19.004] [exthost2] [info] ExtensionService#loadCommonJSModule /home/bruce/.vscode/extensions/beaugunderson.solidity-extended-3.0.2/out/src/extension
[2018-01-30 07:16:19.035] [exthost2] [info] ExtensionService#_doActivateExtension idrabenia.solidity-solhint {"startup":false,"activationEvent":"onLanguage:solidity"}
[2018-01-30 07:16:19.035] [exthost2] [info] ExtensionService#loadCommonJSModule /home/bruce/.vscode/extensions/idrabenia.solidity-solhint-1.1.4/out/src/extension
[2018-01-30 07:16:21.690] [exthost2] [info] ExtensionService#_doActivateExtension kodebox.solidity-language-server {"startup":false,"activationEvent":"onLanguage:solidity"}
[2018-01-30 07:16:21.690] [exthost2] [info] ExtensionService#loadCommonJSModule /home/bruce/.vscode/extensions/kodebox.solidity-language-server-0.1.6/out/src/extension
